[12:35:06] [Client thread/ERROR]: Can't find the resource index file: assets\indexes\1.8.json
[12:35:06] [Client thread/INFO]: Setting user: Player0
[12:35:06] [Client thread/INFO]: (Session ID is token:0:Player0)
[12:35:07] [Client thread/INFO]: [OptiFine] *** Reflector Forge ***
[12:35:07] [Client thread/INFO]: [OptiFine] *** Reflector Vanilla ***
[12:35:07] [Client thread/INFO]: [OptiFine] (Reflector) Class not present: net.minecraftforge.fml.common.eventhandler.Event$Result
[12:35:07] [Client thread/INFO]: LWJGL Version: 3.3.3+5
[12:35:07] [Client thread/INFO]: [OptiFine] 
[12:35:07] [Client thread/INFO]: [OptiFine] OptiFine_1.8.9_HD_U_M6_pre2
[12:35:07] [Client thread/INFO]: [OptiFine] Build: null
[12:35:07] [Client thread/INFO]: [OptiFine] OS: Windows 11 (amd64) version 10.0
[12:35:07] [Client thread/INFO]: [OptiFine] Java: 17.0.11, Amazon.com Inc.
[12:35:07] [Client thread/INFO]: [OptiFine] VM: OpenJDK 64-Bit Server VM (mixed mode, sharing), Amazon.com Inc.
[12:35:07] [Client thread/INFO]: [OptiFine] LWJGL: 3.3.3+5
[12:35:07] [Client thread/INFO]: [OptiFine] OpenGL: Intel(R) UHD Graphics 630, version 4.6.0 - Build 30.0.101.1994, Intel
[12:35:07] [Client thread/INFO]: [OptiFine] OpenGL Version: 4.6.0
[12:35:07] [Client thread/INFO]: [OptiFine] OpenGL Fancy fog: Not available (GL_NV_fog_distance)
[12:35:07] [Client thread/INFO]: [OptiFine] Maximum texture size: 16384x16384
[12:35:07] [VersionCheck/INFO]: [OptiFine] Checking for new version
[12:35:07] [Client thread/INFO]: [Shaders] OpenGL Version: 4.6.0 - Build 30.0.101.1994
[12:35:07] [Client thread/INFO]: [Shaders] Vendor:  Intel
[12:35:07] [Client thread/INFO]: [Shaders] Renderer: Intel(R) UHD Graphics 630
[12:35:07] [Client thread/INFO]: [Shaders] Capabilities:  2.0  2.1  3.0  3.2  4.0 
[12:35:07] [Client thread/INFO]: [Shaders] GL_MAX_DRAW_BUFFERS: 8
[12:35:07] [Client thread/INFO]: [Shaders] GL_MAX_COLOR_ATTACHMENTS_EXT: 8
[12:35:07] [Client thread/INFO]: [Shaders] GL_MAX_TEXTURE_IMAGE_UNITS: 32
[12:35:07] [Client thread/INFO]: [Shaders] Load shaders configuration.
[12:35:07] [Client thread/INFO]: [Shaders] Save shaders configuration.
[12:35:07] [Client thread/INFO]: [Shaders] No shaderpack loaded.
[12:35:07] [Client thread/INFO]: [OptiFine] (Reflector) Class not present: net.minecraftforge.fml.common.Loader
[12:35:07] [Client thread/INFO]: [OptiFine] (Reflector) Class not present: net.minecraftforge.fml.client.SplashProgress
[12:35:07] [Client thread/INFO]: Reloading ResourceManager: Default, 1.8.9原版音效覆盖包-无音乐.zip, ! §dLOVE DSJ [32x] Pink.zip
[12:35:07] [Client thread/INFO]: [OptiFine] (Reflector) Class not present: optifine.OptiFineClassTransformer
[12:35:07] [Client thread/INFO]: [OptiFine] *** Reloading textures ***
[12:35:07] [Client thread/INFO]: [OptiFine] Resource packs: 1.8.9原版音效覆盖包-无音乐.zip, ! §dLOVE DSJ [32x] Pink.zip
[12:35:07] [Client thread/INFO]: [OptiFine] (Reflector) Class not present: net.minecraftforge.client.model.Attributes
[12:35:07] [Client thread/INFO]: [OptiFine] (Reflector) Method not present: net.minecraft.client.renderer.vertex.VertexFormatElement$EnumUsage.preDraw
[12:35:07] [Client thread/INFO]: [OptiFine] (Reflector) Method not present: net.minecraft.client.renderer.vertex.VertexFormatElement$EnumUsage.postDraw
[12:35:08] [VersionCheck/INFO]: [OptiFine] Version found: M5
[12:35:08] [Client thread/ERROR]: Couldn't initialize twitch stream
[12:35:08] [Sound Library Loader/INFO]: Starting up SoundSystem...
[12:35:08] [Client thread/WARN]: File minecraft:sounds/music/menu/menu1.ogg does not exist, cannot add it to event minecraft:music.menu
[12:35:08] [Client thread/WARN]: File minecraft:sounds/music/menu/menu2.ogg does not exist, cannot add it to event minecraft:music.menu
[12:35:08] [Client thread/WARN]: File minecraft:sounds/music/menu/menu3.ogg does not exist, cannot add it to event minecraft:music.menu
[12:35:08] [Client thread/WARN]: File minecraft:sounds/music/menu/menu4.ogg does not exist, cannot add it to event minecraft:music.menu
[12:35:08] [Client thread/WARN]: File minecraft:sounds/music/game/calm1.ogg does not exist, cannot add it to event minecraft:music.game
[12:35:08] [Client thread/WARN]: File minecraft:sounds/music/game/calm2.ogg does not exist, cannot add it to event minecraft:music.game
[12:35:08] [Client thread/WARN]: File minecraft:sounds/music/game/calm3.ogg does not exist, cannot add it to event minecraft:music.game
[12:35:08] [Client thread/WARN]: File minecraft:sounds/music/game/hal1.ogg does not exist, cannot add it to event minecraft:music.game
[12:35:08] [Client thread/WARN]: File minecraft:sounds/music/game/hal2.ogg does not exist, cannot add it to event minecraft:music.game
[12:35:08] [Client thread/WARN]: File minecraft:sounds/music/game/hal3.ogg does not exist, cannot add it to event minecraft:music.game
[12:35:08] [Client thread/WARN]: File minecraft:sounds/music/game/hal4.ogg does not exist, cannot add it to event minecraft:music.game
[12:35:08] [Client thread/WARN]: File minecraft:sounds/music/game/nuance1.ogg does not exist, cannot add it to event minecraft:music.game
[12:35:08] [Client thread/WARN]: File minecraft:sounds/music/game/nuance2.ogg does not exist, cannot add it to event minecraft:music.game
[12:35:08] [Client thread/WARN]: File minecraft:sounds/music/game/piano1.ogg does not exist, cannot add it to event minecraft:music.game
[12:35:08] [Client thread/WARN]: File minecraft:sounds/music/game/piano2.ogg does not exist, cannot add it to event minecraft:music.game
[12:35:08] [Client thread/WARN]: File minecraft:sounds/music/game/piano3.ogg does not exist, cannot add it to event minecraft:music.game
[12:35:08] [Client thread/WARN]: File minecraft:sounds/music/game/creative/creative1.ogg does not exist, cannot add it to event minecraft:music.game.creative
[12:35:08] [Client thread/WARN]: File minecraft:sounds/music/game/creative/creative2.ogg does not exist, cannot add it to event minecraft:music.game.creative
[12:35:08] [Client thread/WARN]: File minecraft:sounds/music/game/creative/creative3.ogg does not exist, cannot add it to event minecraft:music.game.creative
[12:35:08] [Client thread/WARN]: File minecraft:sounds/music/game/creative/creative4.ogg does not exist, cannot add it to event minecraft:music.game.creative
[12:35:08] [Client thread/WARN]: File minecraft:sounds/music/game/creative/creative5.ogg does not exist, cannot add it to event minecraft:music.game.creative
[12:35:08] [Client thread/WARN]: File minecraft:sounds/music/game/creative/creative6.ogg does not exist, cannot add it to event minecraft:music.game.creative
[12:35:08] [Client thread/WARN]: File minecraft:sounds/music/game/end/end.ogg does not exist, cannot add it to event minecraft:music.game.end
[12:35:08] [Client thread/WARN]: File minecraft:sounds/music/game/end/boss.ogg does not exist, cannot add it to event minecraft:music.game.end.dragon
[12:35:08] [Client thread/WARN]: File minecraft:sounds/music/game/end/credits.ogg does not exist, cannot add it to event minecraft:music.game.end.credits
[12:35:08] [Client thread/WARN]: File minecraft:sounds/music/game/nether/nether1.ogg does not exist, cannot add it to event minecraft:music.game.nether
[12:35:08] [Client thread/WARN]: File minecraft:sounds/music/game/nether/nether2.ogg does not exist, cannot add it to event minecraft:music.game.nether
[12:35:08] [Client thread/WARN]: File minecraft:sounds/music/game/nether/nether3.ogg does not exist, cannot add it to event minecraft:music.game.nether
[12:35:08] [Client thread/WARN]: File minecraft:sounds/music/game/nether/nether4.ogg does not exist, cannot add it to event minecraft:music.game.nether
[12:35:08] [Client thread/INFO]: [OptiFine] Loading mcpatcher/font/ascii.properties
[12:35:08] [Client thread/INFO]: [OptiFine] Loading mcpatcher/font/ascii_sga.properties
[12:35:08] [Thread-4/INFO]: Initializing LWJGL OpenAL
[12:35:08] [Thread-4/INFO]: (The LWJGL binding of OpenAL.  For more information, see http://www.lwjgl.org)
[12:35:08] [Thread-4/INFO]: OpenAL initialized.
[12:35:09] [Sound Library Loader/INFO]: Sound engine started
[12:35:09] [Client thread/INFO]: [OptiFine] (Reflector) Class not present: net.minecraftforge.client.ForgeHooksClient
[12:35:09] [Client thread/INFO]: [OptiFine] Sprite size: 32
[12:35:09] [Client thread/INFO]: [OptiFine] Mipmap levels: 5
[12:35:09] [Client thread/INFO]: [OptiFine] Multitexture: false
[12:35:09] [Client thread/INFO]: [OptiFine] Multipass connected textures: false
[12:35:09] [Client thread/INFO]: [OptiFine] Multipass connected textures: false
[12:35:09] [Client thread/INFO]: [OptiFine] Multipass connected textures: false
[12:35:09] [Client thread/INFO]: [OptiFine] BetterGrass: Parsing default configuration optifine/bettergrass.properties
[12:35:09] [Client thread/INFO]: [OptiFine] Scaled too small texture: minecraft:mcpatcher/ctm/default/empty, 16 -> 32
[12:35:09] [Client thread/INFO]: [OptiFine] Scaled too small texture: minecraft:blocks/sponge_wet, 16 -> 32
[12:35:10] [Client thread/INFO]: Created: 1024x1024 textures-atlas
[12:35:10] [Client thread/INFO]: [OptiFine] Animated sprites: 11
[12:35:10] [Client thread/INFO]: [OptiFine] (Reflector) Class not present: net.minecraftforge.client.model.ModelLoader
[12:35:10] [Client thread/INFO]: [OptiFine] (Reflector) Class not present: net.minecraftforge.client.ItemModelMesherForge
[12:35:10] [Client thread/INFO]: [OptiFine] (Reflector) Class not present: net.minecraftforge.fml.client.registry.RenderingRegistry
[12:35:10] [Client thread/INFO]: [OptiFine] (Reflector) Class not present: net.minecraftforge.common.ForgeModContainer
[12:35:12] [Via-Mappingloader-0/INFO]: Loading block connection mappings ...
[12:35:12] [Client thread/INFO]: Loaded Platform ViaVersion
[12:35:12] [Client thread/INFO]: Loading translations...
[12:35:12] [Client thread/INFO]: Registering protocols...
[12:35:12] [Client thread/INFO]: Loaded Platform ViaBackwards
[12:35:12] [Client thread/INFO]: Loaded Platform ViaRewind
[12:35:12] [Client thread/INFO]: ViaVersion detected lowest supported version by the proxy: 1.4.6/7 (51)
[12:35:12] [Client thread/INFO]: Highest supported version by the proxy: 1.20.3/1.20.4 (765)
[12:35:12] [Via Async Scheduler 0/INFO]: Finished mapping loading, shutting down loader executor!
[12:35:13] [Client thread/INFO]: ViaLoadingBase has loaded 3/3 platforms
[12:35:13] [Via Async Task 1/WARN]: There is a newer plugin version available: 5.3.1, you're on: 4.9.3-SNAPSHOT
[12:35:14] [Client thread/INFO]: [OptiFine] (Reflector) Class not present: mods.betterfoliage.client.BetterFoliageClient
[12:35:14] [Client thread/INFO]: [OptiFine] (Reflector) Class not present: net.minecraftforge.fml.common.asm.transformers.BlamingTransformer
[12:35:14] [Client thread/INFO]: [OptiFine] (Reflector) Class not present: net.minecraftforge.event.world.ChunkWatchEvent$UnWatch
[12:35:14] [Client thread/INFO]: [OptiFine] (Reflector) Class not present: net.minecraftforge.fml.relauncher.CoreModManager
[12:35:14] [Client thread/INFO]: [OptiFine] (Reflector) Class not present: net.minecraftforge.common.DimensionManager
[12:35:14] [Client thread/INFO]: [OptiFine] (Reflector) Class not present: net.minecraftforge.client.event.GuiScreenEvent$DrawScreenEvent$Pre
[12:35:14] [Client thread/INFO]: [OptiFine] (Reflector) Class not present: net.minecraftforge.client.event.GuiScreenEvent$DrawScreenEvent$Post
[12:35:14] [Client thread/INFO]: [OptiFine] (Reflector) Class not present: net.minecraftforge.client.event.EntityViewRenderEvent$CameraSetup
[12:35:14] [Client thread/INFO]: [OptiFine] (Reflector) Class not present: net.minecraftforge.client.event.EntityViewRenderEvent$FogColors
[12:35:14] [Client thread/INFO]: [OptiFine] (Reflector) Class not present: net.minecraftforge.fml.common.eventhandler.Event
[12:35:14] [Client thread/INFO]: [OptiFine] (Reflector) Class not present: net.minecraftforge.fml.common.eventhandler.EventBus
[12:35:14] [Client thread/INFO]: [OptiFine] (Reflector) Class not present: net.minecraftforge.common.property.ExtendedBlockState
[12:35:14] [Client thread/INFO]: [OptiFine] (Reflector) Class not present: net.minecraftforge.fml.client.FMLClientHandler
[12:35:14] [Client thread/INFO]: [OptiFine] (Reflector) Class not present: net.minecraftforge.fml.common.FMLCommonHandler
[12:35:14] [Client thread/INFO]: [OptiFine] (Reflector) Method not present: net.minecraft.world.biome.BiomeGenBase.getWaterColorMultiplier
[12:35:14] [Client thread/INFO]: [OptiFine] (Reflector) Method not present: net.minecraft.block.Block.addDestroyEffects
[12:35:14] [Client thread/INFO]: [OptiFine] (Reflector) Method not present: net.minecraft.block.Block.addHitEffects
[12:35:14] [Client thread/INFO]: [OptiFine] (Reflector) Method not present: net.minecraft.block.Block.canCreatureSpawn
[12:35:14] [Client thread/INFO]: [OptiFine] (Reflector) Method not present: net.minecraft.block.Block.canRenderInLayer
[12:35:14] [Client thread/INFO]: [OptiFine] (Reflector) Method not present: net.minecraft.block.Block.doesSideBlockRendering
[12:35:14] [Client thread/INFO]: [OptiFine] (Reflector) Method not present: net.minecraft.block.Block.getBedDirection
[12:35:14] [Client thread/INFO]: [OptiFine] (Reflector) Method not present: net.minecraft.block.Block.getExtendedState
[12:35:14] [Client thread/INFO]: [OptiFine] (Reflector) Method not present: net.minecraft.block.Block.getLightOpacity
[12:35:14] [Client thread/INFO]: [OptiFine] (Reflector) Method not present: net.minecraft.block.Block.getLightValue
[12:35:14] [Client thread/INFO]: [OptiFine] (Reflector) Method not present: net.minecraft.block.Block.hasTileEntity
[12:35:14] [Client thread/INFO]: [OptiFine] (Reflector) Method not present: net.minecraft.block.Block.isAir
[12:35:14] [Client thread/INFO]: [OptiFine] (Reflector) Method not present: net.minecraft.block.Block.isBed
[12:35:14] [Client thread/INFO]: [OptiFine] (Reflector) Method not present: net.minecraft.block.Block.isBedFoot
[12:35:14] [Client thread/INFO]: [OptiFine] (Reflector) Method not present: net.minecraft.block.Block.isSideSolid
[12:35:14] [Client thread/INFO]: [OptiFine] (Reflector) Method not present: net.minecraft.world.ChunkCache.isSideSolid
[12:35:14] [Client thread/INFO]: [OptiFine] (Reflector) Method not present: net.minecraft.entity.Entity.canRiderInteract
[12:35:14] [Client thread/INFO]: [OptiFine] (Reflector) Field not present: net.minecraft.entity.Entity.captureDrops
[12:35:14] [Client thread/INFO]: [OptiFine] (Reflector) Field not present: net.minecraft.entity.Entity.capturedDrops
[12:35:14] [Client thread/INFO]: [OptiFine] (Reflector) Method not present: net.minecraft.entity.Entity.shouldRenderInPass
[12:35:14] [Client thread/INFO]: [OptiFine] (Reflector) Method not present: net.minecraft.entity.Entity.shouldRiderSit
[12:35:14] [Client thread/INFO]: [OptiFine] (Reflector) Class not present: net.minecraftforge.event.ForgeEventFactory
[12:35:14] [Client thread/INFO]: [OptiFine] (Reflector) Class not present: net.minecraftforge.common.ForgeHooks
[12:35:14] [Client thread/INFO]: [OptiFine] (Reflector) Field not present: net.minecraft.item.Item.delegate
[12:35:14] [Client thread/INFO]: [OptiFine] (Reflector) Method not present: net.minecraft.item.Item.getDurabilityForDisplay
[12:35:14] [Client thread/INFO]: [OptiFine] (Reflector) Method not present: net.minecraft.item.Item.getModel
[12:35:14] [Client thread/INFO]: [OptiFine] (Reflector) Method not present: net.minecraft.item.Item.onEntitySwing
[12:35:14] [Client thread/INFO]: [OptiFine] (Reflector) Method not present: net.minecraft.item.Item.shouldCauseReequipAnimation
[12:35:14] [Client thread/INFO]: [OptiFine] (Reflector) Method not present: net.minecraft.item.Item.showDurabilityBar
[12:35:14] [Client thread/INFO]: [OptiFine] (Reflector) Method not present: net.minecraft.potion.PotionEffect.isCurativeItem
[12:35:14] [Client thread/INFO]: [OptiFine] (Reflector) Method not present: net.minecraft.tileentity.TileEntity.canRenderBreaking
[12:35:14] [Client thread/INFO]: [OptiFine] (Reflector) Method not present: net.minecraft.tileentity.TileEntity.getRenderBoundingBox
[12:35:14] [Client thread/INFO]: [OptiFine] (Reflector) Method not present: net.minecraft.tileentity.TileEntity.hasFastRenderer
[12:35:14] [Client thread/INFO]: [OptiFine] (Reflector) Method not present: net.minecraft.tileentity.TileEntity.shouldRenderInPass
[12:35:14] [Client thread/INFO]: [OptiFine] (Reflector) Method not present: net.minecraft.world.World.countEntities
[12:35:14] [Client thread/INFO]: [OptiFine] (Reflector) Method not present: net.minecraft.world.World.getPerWorldStorage
[12:35:14] [Client thread/INFO]: [OptiFine] (Reflector) Method not present: net.minecraft.world.WorldProvider.getCloudRenderer
[12:35:14] [Client thread/INFO]: [OptiFine] (Reflector) Method not present: net.minecraft.world.WorldProvider.getSkyRenderer
[12:35:14] [Client thread/INFO]: [OptiFine] (Reflector) Method not present: net.minecraft.world.WorldProvider.getWeatherRenderer
[12:35:14] [Client thread/INFO]: [OptiFine] (Reflector) Method not present: net.minecraft.world.WorldProvider.getSaveFolder
[12:35:14] [Client thread/INFO]: [OptiFine] (Reflector) Class not present: net.minecraftforge.fml.client.GuiModList
[12:35:14] [Client thread/INFO]: [OptiFine] (Reflector) Class not present: net.minecraftforge.client.model.IColoredBakedQuad
[12:35:14] [Client thread/INFO]: [OptiFine] (Reflector) Class not present: net.minecraftforge.common.property.IExtendedBlockState
[12:35:14] [Client thread/INFO]: [OptiFine] (Reflector) Class not present: net.minecraftforge.client.model.IModel
[12:35:14] [Client thread/INFO]: [OptiFine] (Reflector) Class not present: net.minecraftforge.client.IRenderHandler
[12:35:14] [Client thread/INFO]: [OptiFine] (Reflector) Class not present: net.minecraftforge.client.model.pipeline.LightUtil
[12:35:14] [Client thread/INFO]: [OptiFine] (Reflector) Class not present: net.minecraftforge.common.MinecraftForge
[12:35:14] [Client thread/INFO]: [OptiFine] (Reflector) Class not present: net.minecraftforge.client.MinecraftForgeClient
[12:35:14] [Client thread/INFO]: [OptiFine] (Reflector) Class not present: net.minecraftforge.fml.common.ModContainer
[12:35:14] [Client thread/INFO]: [OptiFine] (Reflector) Class not present: net.minecraftforge.client.model.ModelLoader$VanillaLoader
[12:35:14] [Client thread/INFO]: [OptiFine] (Reflector) Class not present: net.minecraftforge.client.event.RenderBlockOverlayEvent$OverlayType
[12:35:14] [Client thread/INFO]: [OptiFine] (Reflector) Class not present: net.minecraftforge.client.event.RenderItemInFrameEvent
[12:35:14] [Client thread/INFO]: [OptiFine] (Reflector) Class not present: net.minecraftforge.client.event.RenderLivingEvent$Pre
[12:35:14] [Client thread/INFO]: [OptiFine] (Reflector) Class not present: net.minecraftforge.client.event.RenderLivingEvent$Post
[12:35:14] [Client thread/INFO]: [OptiFine] (Reflector) Class not present: net.minecraftforge.client.event.RenderLivingEvent$Specials$Pre
[12:35:14] [Client thread/INFO]: [OptiFine] (Reflector) Class not present: net.minecraftforge.client.event.RenderLivingEvent$Specials$Post
[12:35:14] [Client thread/INFO]: [OptiFine] (Reflector) Class not present: net.minecraftforge.event.world.WorldEvent$Load
[12:35:14] [Client thread/INFO]: [OptiFine] *** Reloading custom textures ***
[12:35:14] [Client thread/INFO]: [OptiFine] CustomColors: Colormap mcpatcher/colormap/water.png
[12:35:14] [Client thread/INFO]: [OptiFine] CustomColors: Colormap mcpatcher/colormap/swampgrass.png
[12:35:14] [Client thread/INFO]: [OptiFine] CustomColors: Colormap mcpatcher/colormap/swampfoliage.png
[12:35:14] [Client thread/INFO]: [OptiFine] CustomColors: Colormap mcpatcher/colormap/sky0.png
[12:35:14] [Client thread/INFO]: [OptiFine] CustomColors: Colormap mcpatcher/lightmap/world-1.png
[12:35:14] [Client thread/INFO]: [OptiFine] CustomColors: Colormap mcpatcher/lightmap/world0.png
[12:35:14] [Client thread/INFO]: [OptiFine] CustomColors: Colormap mcpatcher/lightmap/world1.png
[12:35:14] [Client thread/INFO]: [OptiFine] CustomColors: Loading mcpatcher/color.properties
[12:35:14] [Client thread/INFO]: [OptiFine] CustomColors: drop.water = ffffff
[12:35:14] [Client thread/INFO]: [OptiFine] CustomColors: lilypad = 577119
[12:35:14] [Client thread/INFO]: [OptiFine] CustomColors: Potion colors: 20
[12:35:14] [Client thread/INFO]: [OptiFine] CustomSky properties: mcpatcher/sky/world0/sky1.properties
[12:35:14] [Client thread/INFO]: [OptiFine] CustomSky: Texture not found: minecraft:mcpatcher/sky/world0/starfield.png
[12:35:14] [Client thread/INFO]: [OptiFine] CustomSky properties: mcpatcher/sky/world0/sky2.properties
[12:35:15] [Client thread/INFO]: [OptiFine] CustomSky properties: mcpatcher/sky/world0/sky3.properties
[12:35:15] [Client thread/INFO]: [OptiFine] CustomSky: Texture not found: minecraft:mcpatcher/sky/world0/skybox2.png
[12:35:15] [Client thread/INFO]: [OptiFine] CustomSky properties: mcpatcher/sky/world0/sky4.properties
[12:35:15] [Client thread/INFO]: [OptiFine] CustomSky: Texture not found: minecraft:mcpatcher/sky/world0/skybox2.png
[12:35:15] [Client thread/INFO]: [OptiFine] Enable face culling: acacia_leaves, birch_leaves, dark_oak_leaves, jungle_leaves, oak_leaves, spruce_leaves
[12:35:20] [Client thread/INFO]: Connecting to mc.loyisa.cn, 25565
[12:35:21] [Client thread/WARN]: Unable to play empty soundEvent: minecraft:music.menu
[12:35:23] [Client thread/INFO]: Connecting to mc.loyisa.cn, 25565
[12:35:27] [Client thread/WARN]: Unable to play empty soundEvent: minecraft:music.menu
[12:35:40] [Client thread/INFO]: Connecting to mc.loyisa.cn, 25565
[12:35:42] [Client thread/INFO]: [CHAT]        
[12:35:42] [Client thread/INFO]: [CHAT] 你现在正在 legacy(1.8.8) 服务器上!
[12:35:42] [Client thread/INFO]: [CHAT] 要想回到 latest 服务器，请输入 /server latest!
[12:35:42] [Client thread/INFO]: [CHAT] [+] Lozosirix
[12:35:42] [Client thread/FATAL]: Error executing task
java.util.concurrent.ExecutionException: java.lang.NullPointerException: Cannot invoke "net.minecraft.scoreboard.ScorePlayerTeam.setTeamName(String)" because "scoreplayerteam" is null
	at java.base/java.util.concurrent.FutureTask.report(FutureTask.java:122) ~[?:?]
	at java.base/java.util.concurrent.FutureTask.get(FutureTask.java:191) ~[?:?]
	at net.minecraft.util.Util.runTask(Util.java:18) [Xylitol-Recode-ready/:?]
	at net.minecraft.client.Minecraft.runTicks(Minecraft.java:1145) [Xylitol-Recode-ready/:?]
	at net.minecraft.client.Minecraft.runGameLoop(Minecraft.java:1015) [Xylitol-Recode-ready/:?]
	at net.minecraft.client.Minecraft.run(Minecraft.java:423) [Xylitol-Recode-ready/:?]
	at dev.olive.utils.math.Fuckyou.startMinecraft(Fuckyou.java:288) [Xylitol-Recode-ready/:?]
	at dev.olive.utils.math.Fuckyou.p(Fuckyou.java:164) [Xylitol-Recode-ready/:?]
	at Main.main(Main.java:35) [Xylitol-Recode-ready/:?]
	at Start.main(Start.java:6) [Xylitol-Recode-ready/:?]
Caused by: java.lang.NullPointerException: Cannot invoke "net.minecraft.scoreboard.ScorePlayerTeam.setTeamName(String)" because "scoreplayerteam" is null
	at net.minecraft.client.network.NetHandlerPlayClient.handleTeams(NetHandlerPlayClient.java:1742) ~[Xylitol-Recode-ready/:?]
	at net.minecraft.network.play.server.S3EPacketTeams.processPacket(S3EPacketTeams.java:121) ~[Xylitol-Recode-ready/:?]
	at net.minecraft.network.play.server.S3EPacketTeams.processPacket(S3EPacketTeams.java:13) ~[Xylitol-Recode-ready/:?]
	at net.minecraft.network.PacketThreadUtil$1.run(PacketThreadUtil.java:22) ~[Xylitol-Recode-ready/:?]
	at java.base/java.util.concurrent.Executors$RunnableAdapter.call(Executors.java:539) ~[?:?]
	at java.base/java.util.concurrent.FutureTask.run(FutureTask.java:264) ~[?:?]
	at net.minecraft.util.Util.runTask(Util.java:17) ~[Xylitol-Recode-ready/:?]
	... 7 more
[12:35:42] [Client thread/FATAL]: Error executing task
java.util.concurrent.ExecutionException: java.lang.NullPointerException: Cannot invoke "net.minecraft.scoreboard.ScorePlayerTeam.setTeamName(String)" because "scoreplayerteam" is null
	at java.base/java.util.concurrent.FutureTask.report(FutureTask.java:122) ~[?:?]
	at java.base/java.util.concurrent.FutureTask.get(FutureTask.java:191) ~[?:?]
	at net.minecraft.util.Util.runTask(Util.java:18) [Xylitol-Recode-ready/:?]
	at net.minecraft.client.Minecraft.runTicks(Minecraft.java:1145) [Xylitol-Recode-ready/:?]
	at net.minecraft.client.Minecraft.runGameLoop(Minecraft.java:1015) [Xylitol-Recode-ready/:?]
	at net.minecraft.client.Minecraft.run(Minecraft.java:423) [Xylitol-Recode-ready/:?]
	at dev.olive.utils.math.Fuckyou.startMinecraft(Fuckyou.java:288) [Xylitol-Recode-ready/:?]
	at dev.olive.utils.math.Fuckyou.p(Fuckyou.java:164) [Xylitol-Recode-ready/:?]
	at Main.main(Main.java:35) [Xylitol-Recode-ready/:?]
	at Start.main(Start.java:6) [Xylitol-Recode-ready/:?]
Caused by: java.lang.NullPointerException: Cannot invoke "net.minecraft.scoreboard.ScorePlayerTeam.setTeamName(String)" because "scoreplayerteam" is null
	at net.minecraft.client.network.NetHandlerPlayClient.handleTeams(NetHandlerPlayClient.java:1742) ~[Xylitol-Recode-ready/:?]
	at net.minecraft.network.play.server.S3EPacketTeams.processPacket(S3EPacketTeams.java:121) ~[Xylitol-Recode-ready/:?]
	at net.minecraft.network.play.server.S3EPacketTeams.processPacket(S3EPacketTeams.java:13) ~[Xylitol-Recode-ready/:?]
	at net.minecraft.network.PacketThreadUtil$1.run(PacketThreadUtil.java:22) ~[Xylitol-Recode-ready/:?]
	at java.base/java.util.concurrent.Executors$RunnableAdapter.call(Executors.java:539) ~[?:?]
	at java.base/java.util.concurrent.FutureTask.run(FutureTask.java:264) ~[?:?]
	at net.minecraft.util.Util.runTask(Util.java:17) ~[Xylitol-Recode-ready/:?]
	... 7 more
[12:35:42] [Client thread/FATAL]: Error executing task
java.util.concurrent.ExecutionException: java.lang.NullPointerException: Cannot invoke "net.minecraft.scoreboard.ScorePlayerTeam.setTeamName(String)" because "scoreplayerteam" is null
	at java.base/java.util.concurrent.FutureTask.report(FutureTask.java:122) ~[?:?]
	at java.base/java.util.concurrent.FutureTask.get(FutureTask.java:191) ~[?:?]
	at net.minecraft.util.Util.runTask(Util.java:18) [Xylitol-Recode-ready/:?]
	at net.minecraft.client.Minecraft.runTicks(Minecraft.java:1145) [Xylitol-Recode-ready/:?]
	at net.minecraft.client.Minecraft.runGameLoop(Minecraft.java:1015) [Xylitol-Recode-ready/:?]
	at net.minecraft.client.Minecraft.run(Minecraft.java:423) [Xylitol-Recode-ready/:?]
	at dev.olive.utils.math.Fuckyou.startMinecraft(Fuckyou.java:288) [Xylitol-Recode-ready/:?]
	at dev.olive.utils.math.Fuckyou.p(Fuckyou.java:164) [Xylitol-Recode-ready/:?]
	at Main.main(Main.java:35) [Xylitol-Recode-ready/:?]
	at Start.main(Start.java:6) [Xylitol-Recode-ready/:?]
Caused by: java.lang.NullPointerException: Cannot invoke "net.minecraft.scoreboard.ScorePlayerTeam.setTeamName(String)" because "scoreplayerteam" is null
	at net.minecraft.client.network.NetHandlerPlayClient.handleTeams(NetHandlerPlayClient.java:1742) ~[Xylitol-Recode-ready/:?]
	at net.minecraft.network.play.server.S3EPacketTeams.processPacket(S3EPacketTeams.java:121) ~[Xylitol-Recode-ready/:?]
	at net.minecraft.network.play.server.S3EPacketTeams.processPacket(S3EPacketTeams.java:13) ~[Xylitol-Recode-ready/:?]
	at net.minecraft.network.PacketThreadUtil$1.run(PacketThreadUtil.java:22) ~[Xylitol-Recode-ready/:?]
	at java.base/java.util.concurrent.Executors$RunnableAdapter.call(Executors.java:539) ~[?:?]
	at java.base/java.util.concurrent.FutureTask.run(FutureTask.java:264) ~[?:?]
	at net.minecraft.util.Util.runTask(Util.java:17) ~[Xylitol-Recode-ready/:?]
	... 7 more
[12:35:42] [Client thread/FATAL]: Error executing task
java.util.concurrent.ExecutionException: java.lang.NullPointerException: Cannot invoke "net.minecraft.scoreboard.ScorePlayerTeam.setTeamName(String)" because "scoreplayerteam" is null
	at java.base/java.util.concurrent.FutureTask.report(FutureTask.java:122) ~[?:?]
	at java.base/java.util.concurrent.FutureTask.get(FutureTask.java:191) ~[?:?]
	at net.minecraft.util.Util.runTask(Util.java:18) [Xylitol-Recode-ready/:?]
	at net.minecraft.client.Minecraft.runTicks(Minecraft.java:1145) [Xylitol-Recode-ready/:?]
	at net.minecraft.client.Minecraft.runGameLoop(Minecraft.java:1015) [Xylitol-Recode-ready/:?]
	at net.minecraft.client.Minecraft.run(Minecraft.java:423) [Xylitol-Recode-ready/:?]
	at dev.olive.utils.math.Fuckyou.startMinecraft(Fuckyou.java:288) [Xylitol-Recode-ready/:?]
	at dev.olive.utils.math.Fuckyou.p(Fuckyou.java:164) [Xylitol-Recode-ready/:?]
	at Main.main(Main.java:35) [Xylitol-Recode-ready/:?]
	at Start.main(Start.java:6) [Xylitol-Recode-ready/:?]
Caused by: java.lang.NullPointerException: Cannot invoke "net.minecraft.scoreboard.ScorePlayerTeam.setTeamName(String)" because "scoreplayerteam" is null
	at net.minecraft.client.network.NetHandlerPlayClient.handleTeams(NetHandlerPlayClient.java:1742) ~[Xylitol-Recode-ready/:?]
	at net.minecraft.network.play.server.S3EPacketTeams.processPacket(S3EPacketTeams.java:121) ~[Xylitol-Recode-ready/:?]
	at net.minecraft.network.play.server.S3EPacketTeams.processPacket(S3EPacketTeams.java:13) ~[Xylitol-Recode-ready/:?]
	at net.minecraft.network.PacketThreadUtil$1.run(PacketThreadUtil.java:22) ~[Xylitol-Recode-ready/:?]
	at java.base/java.util.concurrent.Executors$RunnableAdapter.call(Executors.java:539) ~[?:?]
	at java.base/java.util.concurrent.FutureTask.run(FutureTask.java:264) ~[?:?]
	at net.minecraft.util.Util.runTask(Util.java:17) ~[Xylitol-Recode-ready/:?]
	... 7 more
[12:35:42] [Client thread/INFO]: [CHAT] Diona >> Your client brand is fml,forge
[12:35:42] [Client thread/INFO]: [CHAT] §b§lDiona§f >> §b*Hover here to view your Forge mod list*
[12:35:48] [Client thread/WARN]: Unable to play empty soundEvent: minecraft:music.game
[12:35:53] [Client thread/INFO]: [CHAT] Diona >> All items on the ground will be cleaned in 5 seconds!
[12:35:58] [Client thread/INFO]: [CHAT] Diona >> 18 items have been cleaned!
[12:36:08] [Client thread/INFO]: [CHAT] LoyisaIsImposter: Why u hack
[12:36:08] [Client thread/INFO]: [CHAT] [§cKnockback tick: 536]
[12:36:10] [Client thread/INFO]: [CHAT] [§cKnockback tick: 566]
[12:36:11] [Client thread/INFO]: [CHAT] [§cKnockback tick: 596]
[12:36:12] [Client thread/INFO]: [CHAT] [§cKnockback tick: 606]
[12:36:14] [Client thread/INFO]: [CHAT] [§cKnockback tick: 641]
[12:36:14] [Client thread/INFO]: [CHAT] [§cKnockback tick: 651]
[12:36:15] [Client thread/INFO]: [CHAT] [§cKnockback tick: 671]
[12:36:16] [Client thread/INFO]: [CHAT] [§cKnockback tick: 681]
[12:36:16] [Client thread/INFO]: [CHAT] [§cKnockback tick: 691]
[12:36:37] [Client thread/INFO]: [CHAT] Diona >> 你可以使用 /i 指令来获取物品!
[12:36:39] [Client thread/INFO]: [CHAT] [-] IsNotSunal
[12:36:41] [Client thread/INFO]: [CHAT] [-] FTR0
[12:36:58] [Client thread/INFO]: [CHAT] [-] MC_XLovo
[12:37:41] [Client thread/INFO]: [CHAT] Diona >> 欢迎加入测试服的官方Q群: 741394677 | https://qm.qq.com/q/UO8d9hMEgi
[12:37:45] [Client thread/INFO]: [CHAT] [+] FTR0
[12:38:15] [Client thread/INFO]: [CHAT] [+] YeQing_lol
[12:38:45] [Client thread/INFO]: [CHAT] Diona >> 你可以使用 /i 指令来获取物品!
[12:39:15] [Client thread/INFO]: [CHAT] Diona >> All items on the ground will be cleaned in 60 seconds!
[12:39:41] [Client thread/INFO]: [CHAT] [-] YeQing_lol
[12:39:45] [Client thread/INFO]: [CHAT] Diona >> All items on the ground will be cleaned in 30 seconds!
[12:39:48] [Client thread/INFO]: [CHAT] [+] kboxhh
[12:39:49] [Client thread/INFO]: [CHAT] Diona >> 欢迎加入测试服的官方Q群: 741394677 | https://qm.qq.com/q/UO8d9hMEgi
[12:40:10] [Client thread/INFO]: [CHAT] Diona >> All items on the ground will be cleaned in 5 seconds!
[12:40:15] [Client thread/INFO]: [CHAT] Diona >> 11 items have been cleaned!
[12:40:53] [Client thread/INFO]: [CHAT] Diona >> 欢迎加入测试服的官方Q群: 741394677 | https://qm.qq.com/q/UO8d9hMEgi
[12:41:12] [Client thread/INFO]: [CHAT] [+] YeQing_lol
[12:41:25] [Client thread/INFO]: [CHAT] [+] FireFly_Legit
[12:41:45] [Client thread/INFO]: [CHAT] [-] Minzus
[12:41:46] [Client thread/WARN]: Unable to play unknown soundEvent: minecraft:damage.thorns
[12:41:46] [Client thread/WARN]: Unable to play unknown soundEvent: minecraft:damage.thorns
[12:41:46] [Client thread/INFO]: [CHAT] [+] Minzus
[12:41:46] [Client thread/WARN]: Unable to play unknown soundEvent: minecraft:damage.thorns
[12:41:46] [Client thread/WARN]: Unable to play unknown soundEvent: minecraft:damage.thorns
[12:41:47] [Client thread/WARN]: Unable to play unknown soundEvent: minecraft:damage.thorns
[12:41:47] [Client thread/WARN]: Unable to play unknown soundEvent: minecraft:damage.thorns
[12:41:47] [Client thread/WARN]: Unable to play unknown soundEvent: minecraft:damage.thorns
[12:41:47] [Client thread/WARN]: Unable to play unknown soundEvent: minecraft:damage.thorns
[12:41:48] [Client thread/WARN]: Unable to play unknown soundEvent: minecraft:damage.thorns
[12:41:48] [Client thread/WARN]: Unable to play unknown soundEvent: minecraft:damage.thorns
[12:41:48] [Client thread/WARN]: Unable to play unknown soundEvent: minecraft:damage.thorns
[12:41:49] [Client thread/WARN]: Unable to play unknown soundEvent: minecraft:damage.thorns
[12:41:50] [Client thread/WARN]: Unable to play unknown soundEvent: minecraft:damage.thorns
[12:41:50] [Client thread/WARN]: Unable to play unknown soundEvent: minecraft:damage.thorns
[12:41:55] [Client thread/INFO]: [CHAT] [-] kboxhh
[12:41:57] [Client thread/INFO]: [CHAT] Diona >> 欢迎加入测试服的官方Q群: 741394677 | https://qm.qq.com/q/UO8d9hMEgi
[12:41:57] [Client thread/INFO]: [CHAT] [+] IsNotSunal
[12:42:17] [Client thread/INFO]: [CHAT] [+] LoveNightmare2
[12:42:35] [Client thread/WARN]: Unable to play unknown soundEvent: minecraft:damage.thorns
[12:42:35] [Client thread/WARN]: Unable to play unknown soundEvent: minecraft:damage.thorns
[12:42:35] [Client thread/WARN]: Unable to play unknown soundEvent: minecraft:damage.thorns
[12:42:35] [Client thread/WARN]: Unable to play unknown soundEvent: minecraft:damage.thorns
[12:42:36] [Client thread/WARN]: Unable to play unknown soundEvent: minecraft:damage.thorns
[12:42:36] [Client thread/WARN]: Unable to play unknown soundEvent: minecraft:damage.thorns
[12:42:36] [Client thread/WARN]: Unable to play unknown soundEvent: minecraft:damage.thorns
[12:42:37] [Client thread/WARN]: Unable to play unknown soundEvent: minecraft:damage.thorns
[12:42:37] [Client thread/WARN]: Unable to play unknown soundEvent: minecraft:damage.thorns
[12:42:37] [Client thread/WARN]: Unable to play unknown soundEvent: minecraft:damage.thorns
[12:42:37] [Client thread/WARN]: Unable to play unknown soundEvent: minecraft:damage.thorns
[12:42:38] [Client thread/WARN]: Unable to play unknown soundEvent: minecraft:damage.thorns
[12:42:38] [Client thread/WARN]: Unable to play unknown soundEvent: minecraft:damage.thorns
[12:42:38] [Client thread/WARN]: Unable to play unknown soundEvent: minecraft:damage.thorns
[12:42:38] [Client thread/WARN]: Unable to play unknown soundEvent: minecraft:damage.thorns
[12:42:38] [Client thread/WARN]: Unable to play unknown soundEvent: minecraft:damage.thorns
[12:42:39] [Client thread/INFO]: [CHAT] [-] ilikeopaibypass
[12:42:39] [Client thread/WARN]: Unable to play unknown soundEvent: minecraft:damage.thorns
[12:42:39] [Client thread/WARN]: Unable to play unknown soundEvent: minecraft:damage.thorns
[12:42:39] [Client thread/WARN]: Unable to play unknown soundEvent: minecraft:damage.thorns
[12:42:39] [Client thread/WARN]: Unable to play unknown soundEvent: minecraft:damage.thorns
[12:42:39] [Client thread/WARN]: Unable to play unknown soundEvent: minecraft:damage.thorns
[12:42:40] [Client thread/WARN]: Unable to play unknown soundEvent: minecraft:damage.thorns
[12:42:40] [Client thread/WARN]: Unable to play unknown soundEvent: minecraft:damage.thorns
[12:42:41] [Client thread/WARN]: Unable to play unknown soundEvent: minecraft:damage.thorns
[12:42:41] [Client thread/WARN]: Unable to play unknown soundEvent: minecraft:damage.thorns
[12:42:41] [Client thread/WARN]: Unable to play unknown soundEvent: minecraft:damage.thorns
[12:42:41] [Client thread/WARN]: Unable to play unknown soundEvent: minecraft:damage.thorns
[12:42:41] [Client thread/WARN]: Unable to play unknown soundEvent: minecraft:damage.thorns
[12:42:42] [Client thread/WARN]: Unable to play unknown soundEvent: minecraft:damage.thorns
[12:42:42] [Client thread/WARN]: Unable to play unknown soundEvent: minecraft:damage.thorns
[12:42:42] [Client thread/WARN]: Unable to play unknown soundEvent: minecraft:damage.thorns
[12:42:42] [Client thread/WARN]: Unable to play unknown soundEvent: minecraft:damage.thorns
[12:42:42] [Client thread/WARN]: Unable to play unknown soundEvent: minecraft:damage.thorns
[12:42:43] [Client thread/WARN]: Unable to play unknown soundEvent: minecraft:damage.thorns
[12:42:43] [Client thread/WARN]: Unable to play unknown soundEvent: minecraft:damage.thorns
[12:42:43] [Client thread/WARN]: Unable to play unknown soundEvent: minecraft:damage.thorns
[12:42:44] [Client thread/INFO]: [CHAT] [+] ilikeopaibypass
[12:42:44] [Client thread/WARN]: Unable to play unknown soundEvent: minecraft:damage.thorns
[12:42:44] [Client thread/WARN]: Unable to play unknown soundEvent: minecraft:damage.thorns
[12:42:44] [Client thread/WARN]: Unable to play unknown soundEvent: minecraft:damage.thorns
[12:42:44] [Client thread/WARN]: Unable to play unknown soundEvent: minecraft:damage.thorns
[12:42:45] [Client thread/WARN]: Unable to play unknown soundEvent: minecraft:damage.thorns
[12:42:45] [Client thread/WARN]: Unable to play unknown soundEvent: minecraft:damage.thorns
[12:42:47] [Client thread/WARN]: Unable to play unknown soundEvent: minecraft:damage.thorns
[12:42:47] [Client thread/WARN]: Unable to play unknown soundEvent: minecraft:damage.thorns
[12:43:01] [Client thread/INFO]: [CHAT] Diona >> 你可以使用 /i 指令来获取物品!
[12:43:28] [Client thread/INFO]: [CHAT] [-] FireFly_Legit
[12:43:31] [Client thread/INFO]: [CHAT] [+] ShoFll
[12:43:32] [Client thread/INFO]: [CHAT] Diona >> All items on the ground will be cleaned in 60 seconds!
[12:43:38] [Client thread/INFO]: [CHAT] [-] ilikeopaibypass
[12:43:45] [Client thread/INFO]: [CHAT] [+] DouSha1337
[12:44:02] [Client thread/INFO]: [CHAT] Diona >> All items on the ground will be cleaned in 30 seconds!
[12:44:05] [Client thread/INFO]: [CHAT] Diona >> 你可以使用 /i 指令来获取物品!
[12:44:09] [Client thread/INFO]: [CHAT] [-] DouSha1337
[12:44:27] [Client thread/INFO]: [CHAT] Diona >> All items on the ground will be cleaned in 5 seconds!
[12:44:31] [Client thread/INFO]: [CHAT] [+] ilikeopaibypass
[12:44:32] [Client thread/INFO]: [CHAT] [+] DouSha1337
[12:44:32] [Client thread/INFO]: [CHAT] Diona >> 21 items have been cleaned!
[12:44:33] [Client thread/INFO]: [CHAT] [-] ilikeopaibypass
[12:44:39] [Client thread/INFO]: [CHAT] [+] ilikeopaibypass
[12:44:41] [Client thread/INFO]: [CHAT] [-] YeQing_lol
[12:44:43] [Client thread/INFO]: [CHAT] [-] Minzus
[12:44:45] [Client thread/INFO]: [CHAT] [-] ilikeopaibypass
[12:45:04] [Client thread/INFO]: [CHAT] FTR0: 1
[12:45:09] [Client thread/INFO]: [CHAT] Diona >> 你可以使用 /i 指令来获取物品!
[12:45:10] [Client thread/WARN]: Unable to play unknown soundEvent: minecraft:damage.thorns
[12:45:10] [Client thread/WARN]: Unable to play unknown soundEvent: minecraft:damage.thorns
[12:45:11] [Client thread/INFO]: [CHAT] [+] sperfay
[12:45:12] [Client thread/INFO]: [CHAT] [-] ShoFll
[12:45:21] [Client thread/WARN]: Unable to play unknown soundEvent: minecraft:damage.thorns
[12:45:33] [Client thread/INFO]: [CHAT] [-] sperfay
[12:45:44] [Client thread/INFO]: [CHAT] [+] YeQing_lol
[12:45:45] [Client thread/WARN]: Unable to play unknown soundEvent: minecraft:damage.thorns
[12:45:45] [Client thread/WARN]: Unable to play unknown soundEvent: minecraft:damage.thorns
[12:45:45] [Client thread/WARN]: Unable to play unknown soundEvent: minecraft:damage.thorns
[12:45:45] [Client thread/WARN]: Unable to play unknown soundEvent: minecraft:damage.thorns
[12:45:46] [Client thread/WARN]: Unable to play unknown soundEvent: minecraft:damage.thorns
[12:45:46] [Client thread/WARN]: Unable to play unknown soundEvent: minecraft:damage.thorns
[12:45:46] [Client thread/WARN]: Unable to play unknown soundEvent: minecraft:damage.thorns
[12:45:46] [Client thread/WARN]: Unable to play unknown soundEvent: minecraft:damage.thorns
[12:45:46] [Client thread/WARN]: Unable to play unknown soundEvent: minecraft:damage.thorns
[12:45:46] [Client thread/WARN]: Unable to play unknown soundEvent: minecraft:damage.thorns
[12:45:46] [Client thread/WARN]: Unable to play unknown soundEvent: minecraft:damage.thorns
[12:45:46] [Client thread/WARN]: Unable to play unknown soundEvent: minecraft:damage.thorns
[12:45:53] [Client thread/INFO]: [CHAT] FTR0: i
[12:46:00] [Client thread/WARN]: Unable to play unknown soundEvent: minecraft:damage.thorns
[12:46:00] [Client thread/WARN]: Unable to play unknown soundEvent: minecraft:damage.thorns
[12:46:00] [Client thread/WARN]: Unable to play unknown soundEvent: minecraft:damage.thorns
[12:46:00] [Client thread/WARN]: Unable to play unknown soundEvent: minecraft:damage.thorns
[12:46:00] [Client thread/WARN]: Unable to play unknown soundEvent: minecraft:damage.thorns
[12:46:00] [Client thread/WARN]: Unable to play unknown soundEvent: minecraft:damage.thorns
[12:46:01] [Client thread/WARN]: Unable to play unknown soundEvent: minecraft:damage.thorns
[12:46:01] [Client thread/WARN]: Unable to play unknown soundEvent: minecraft:damage.thorns
[12:46:01] [Client thread/WARN]: Unable to play unknown soundEvent: minecraft:damage.thorns
[12:46:02] [Client thread/WARN]: Unable to play unknown soundEvent: minecraft:damage.thorns
[12:46:04] [Client thread/INFO]: [CHAT] A_NF: 家园披风?
[12:46:06] [Client thread/INFO]: [CHAT] A_NF: 我靠
[12:46:10] [Client thread/WARN]: Unable to play unknown soundEvent: minecraft:damage.thorns
[12:46:10] [Client thread/WARN]: Unable to play unknown soundEvent: minecraft:damage.thorns
[12:46:10] [Client thread/WARN]: Unable to play unknown soundEvent: minecraft:damage.thorns
[12:46:10] [Client thread/WARN]: Unable to play unknown soundEvent: minecraft:damage.thorns
[12:46:10] [Client thread/WARN]: Unable to play unknown soundEvent: minecraft:damage.thorns
[12:46:11] [Client thread/WARN]: Unable to play unknown soundEvent: minecraft:damage.thorns
[12:46:11] [Client thread/WARN]: Unable to play unknown soundEvent: minecraft:damage.thorns
[12:46:11] [Client thread/WARN]: Unable to play unknown soundEvent: minecraft:damage.thorns
[12:46:12] [Client thread/WARN]: Unable to play unknown soundEvent: minecraft:damage.thorns
[12:46:12] [Client thread/INFO]: [CHAT] A_NF: 我的一直没同步
[12:46:13] [Client thread/INFO]: [CHAT] Diona >> 欢迎加入测试服的官方Q群: 741394677 | https://qm.qq.com/q/UO8d9hMEgi
[12:46:15] [Client thread/INFO]: [CHAT] A_NF: XD
[12:46:21] [Client thread/INFO]: [CHAT] iys_4our_enk: L
[12:46:31] [Client thread/INFO]: [CHAT] [+] sperfay
[12:46:34] [Client thread/INFO]: [CHAT] [+] ShoFll
[12:46:37] [Client thread/INFO]: [CHAT] [+] Lingard0819
[12:46:44] [Client thread/INFO]: [CHAT] [+] WBSWXX
[12:46:45] [Client thread/WARN]: Unable to play unknown soundEvent: minecraft:damage.thorns
[12:46:54] [Client thread/INFO]: [CHAT] DouSha1337: 我的已经同步了
[12:46:54] [Client thread/INFO]: [CHAT] A_NF: 威胁和家园披风都没同步 我懒得写小作文了 眼眸花凑活
[12:47:01] [Client thread/INFO]: [CHAT] [-] we1pu_
[12:47:03] [Client thread/INFO]: [CHAT] [+] nyn_naidesu
[12:47:04] [Client thread/INFO]: [CHAT] [+] we1pu_
[12:47:15] [Client thread/INFO]: [CHAT] [-] sperfay
[12:47:17] [Client thread/INFO]: [CHAT] Diona >> 欢迎加入测试服的官方Q群: 741394677 | https://qm.qq.com/q/UO8d9hMEgi
[12:47:35] [Client thread/WARN]: Unable to play unknown soundEvent: minecraft:damage.thorns
[12:47:39] [Client thread/INFO]: [CHAT] [-] ShoFll
[12:47:49] [Client thread/INFO]: [CHAT] Diona >> All items on the ground will be cleaned in 60 seconds!
[12:48:00] [Client thread/INFO]: [CHAT] [+] sperfay
[12:48:12] [Client thread/INFO]: Stopping!
[12:48:12] [Client thread/INFO]: SoundSystem shutting down...
[12:48:13] [Client thread/WARN]: Author: Paul Lamb, www.paulscode.com
